<?xml version="1.0" encoding="UTF-8"?>
<!-- Generated by org.testng.reporters.JUnitReportReporter -->
<testsuite hostname="DESKTOP-52U497D" failures="0" tests="1" name="QAclickacademy.E2EProject.ValidateNavigationbar" time="5.777" errors="0" timestamp="2022-09-05T15:25:00 CEST" skipped="0">
  <testcase classname="QAclickacademy.E2EProject.ValidateNavigationbar" name="validatenavbar" time="5.777"/>
  <system-out/>
</testsuite> <!-- QAclickacademy.E2EProject.ValidateNavigationbar -->
