<?xml version="1.0" encoding="UTF-8"?>
<!-- Generated by org.testng.reporters.JUnitReportReporter -->
<testsuite hostname="DESKTOP-52U497D" failures="0" tests="1" name="QAclickacademy.E2EProject.ValidateTitle" time="31.510" errors="0" timestamp="2022-09-05T15:08:39 CEST" skipped="0">
  <testcase classname="QAclickacademy.E2EProject.ValidateTitle" name="basepagevalidation" time="31.510"/>
  <system-out/>
</testsuite> <!-- QAclickacademy.E2EProject.ValidateTitle -->
