<?xml version="1.0" encoding="UTF-8"?>
<!-- Generated by org.testng.reporters.JUnitReportReporter -->
<testsuite skipped="0" hostname="DESKTOP-52U497D" name="QAclickacademy.E2EProject.ValidateTitle" tests="1" failures="0" timestamp="2022-09-05T15:33:56 CEST" time="46.030" errors="0">
  <testcase name="basepagevalidation" time="46.030" classname="QAclickacademy.E2EProject.ValidateTitle"/>
  <system-out/>
</testsuite> <!-- QAclickacademy.E2EProject.ValidateTitle -->
